{
  "RSpec": {
    "coverage": {
      "/Users/mikemckee/turing/2module/final_assessment/jukebox_1806_final/spec/features/admin_sees_categories_index_spec.rb": [
        1,
        null,
        1,
        1,
        1,
        1,
        null,
        1,
        null,
        1,
        null,
        1,
        null,
        null,
        null,
        1,
        1,
        1,
        null,
        1,
        null,
        1,
        null,
        1,
        1,
        null,
        null,
        null
      ],
      "/Users/mikemckee/turing/2module/final_assessment/jukebox_1806_final/spec/features/user_can_add_songs_to_a_cart_spec.rb": [
        1,
        null,
        1,
        1,
        1,
        1,
        null,
        1,
        null,
        1,
        null,
        1,
        null,
        null,
        1,
        1,
        1,
        null,
        1,
        null,
        1,
        null,
        1,
        null,
        1,
        null,
        1,
        null,
        null,
        1,
        1,
        1,
        null,
        1,
        null,
        1,
        null,
        1,
        null,
        1,
        null,
        null
      ],
      "/Users/mikemckee/turing/2module/final_assessment/jukebox_1806_final/spec/features/user_can_create_an_artist_spec.rb": [
        1,
        null,
        1,
        1,
        1,
        1,
        null,
        1,
        null,
        1,
        1,
        null,
        1,
        1,
        null,
        1,
        1,
        1,
        null,
        1,
        1,
        null,
        null,
        null
      ],
      "/Users/mikemckee/turing/2module/final_assessment/jukebox_1806_final/spec/features/user_can_create_playlist_spec.rb": [
        1,
        null,
        1,
        1,
        1,
        1,
        null,
        1,
        1,
        null,
        1,
        1,
        null,
        null
      ],
      "/Users/mikemckee/turing/2module/final_assessment/jukebox_1806_final/spec/features/user_can_lookup_songs_by_slug_spec.rb": [
        1,
        null,
        1,
        1,
        1,
        1,
        1,
        1,
        1,
        null,
        1,
        null,
        1,
        1,
        null,
        null,
        null
      ],
      "/Users/mikemckee/turing/2module/final_assessment/jukebox_1806_final/spec/features/user_can_register_and_login_spec.rb": [
        1,
        null,
        1,
        1,
        1,
        1,
        null,
        1,
        null,
        1,
        null,
        1,
        null,
        1,
        1,
        null,
        1,
        null,
        1,
        null,
        null,
        1,
        1,
        1,
        null,
        1,
        null,
        1,
        null,
        1,
        null,
        1,
        1,
        null,
        1,
        null,
        1,
        1,
        null,
        null,
        null,
        1,
        1,
        1,
        1,
        null,
        1,
        null,
        1,
        null,
        1,
        1,
        null,
        1,
        null,
        1,
        1,
        null,
        null,
        1,
        1,
        1,
        null,
        1,
        null,
        1,
        null,
        1,
        1,
        null,
        1,
        null,
        1,
        1,
        null,
        null,
        null,
        1,
        1,
        1,
        1,
        1,
        1,
        1,
        1,
        null,
        1,
        1,
        1,
        null,
        null,
        null
      ],
      "/Users/mikemckee/turing/2module/final_assessment/jukebox_1806_final/spec/features/user_creates_new_song_spec.rb": [
        1,
        null,
        1,
        1,
        1,
        null,
        1,
        null,
        1,
        1,
        1,
        1,
        null,
        1,
        null,
        1,
        1,
        1,
        null,
        null,
        null
      ],
      "/Users/mikemckee/turing/2module/final_assessment/jukebox_1806_final/spec/features/user_sees_all_songs_spec.rb": [
        1,
        null,
        1,
        1,
        1,
        1,
        1,
        1,
        null,
        1,
        null,
        1,
        1,
        1,
        1,
        null,
        null
      ],
      "/Users/mikemckee/turing/2module/final_assessment/jukebox_1806_final/spec/features/visitor_genre_index_spec.rb": [
        1,
        null,
        1,
        1,
        1,
        3,
        3,
        null,
        1,
        1,
        null,
        1,
        1,
        null,
        1,
        1,
        null,
        1,
        1,
        null,
        1,
        1,
        null,
        1,
        1,
        null,
        null,
        null
      ],
      "/Users/mikemckee/turing/2module/final_assessment/jukebox_1806_final/spec/features/visitor_genre_show_spec.rb": [
        1,
        null,
        1,
        1,
        1,
        4,
        4,
        null,
        4,
        4,
        4,
        null,
        4,
        4,
        null,
        4,
        null,
        4,
        4,
        null,
        1,
        1,
        null,
        1,
        1,
        1,
        1,
        null,
        1,
        1,
        null,
        1,
        null,
        1,
        1,
        null,
        1,
        1,
        1,
        null,
        null,
        1,
        1,
        null,
        1,
        1,
        1,
        null,
        null,
        null,
        null
      ],
      "/Users/mikemckee/turing/2module/final_assessment/jukebox_1806_final/spec/features/visitor_song_show_spec.rb": [
        1,
        null,
        1,
        1,
        1,
        2,
        2,
        2,
        2,
        2,
        2,
        null,
        1,
        1,
        null,
        1,
        null,
        1,
        1,
        null,
        1,
        1,
        1,
        1,
        null,
        null,
        null
      ],
      "/Users/mikemckee/turing/2module/final_assessment/jukebox_1806_final/spec/models/artist_spec.rb": [
        1,
        null,
        1,
        1,
        2,
        null,
        null,
        1,
        2,
        null,
        null
      ],
      "/Users/mikemckee/turing/2module/final_assessment/jukebox_1806_final/app/models/artist.rb": [
        1,
        1,
        null,
        1,
        null
      ],
      "/Users/mikemckee/turing/2module/final_assessment/jukebox_1806_final/app/models/application_record.rb": [
        1,
        1,
        null
      ],
      "/Users/mikemckee/turing/2module/final_assessment/jukebox_1806_final/spec/models/cart_spec.rb": [
        1,
        null,
        1,
        null,
        3,
        null,
        1,
        1,
        null,
        1,
        null,
        null,
        null,
        1,
        1,
        1,
        1,
        null,
        1,
        null,
        null,
        null
      ],
      "/Users/mikemckee/turing/2module/final_assessment/jukebox_1806_final/app/models/cart.rb": [
        1,
        null,
        1,
        null,
        1,
        61,
        null,
        null,
        1,
        48,
        null,
        null,
        1,
        6,
        null,
        null,
        null
      ],
      "/Users/mikemckee/turing/2module/final_assessment/jukebox_1806_final/spec/models/genre_spec.rb": [
        1,
        null,
        1,
        1,
        2,
        2,
        null,
        1,
        1,
        3,
        3,
        3,
        3,
        null,
        3,
        null,
        1,
        1,
        null,
        1,
        null,
        1,
        1,
        1,
        1,
        null,
        1,
        1,
        1,
        1,
        null,
        null,
        null
      ],
      "/Users/mikemckee/turing/2module/final_assessment/jukebox_1806_final/app/models/genre.rb": [
        1,
        1,
        1,
        null,
        1,
        6,
        null,
        null,
        1,
        11,
        null,
        null,
        1,
        11,
        null,
        null,
        1,
        null,
        1,
        11,
        null,
        null,
        1,
        11,
        null,
        null
      ],
      "/Users/mikemckee/turing/2module/final_assessment/jukebox_1806_final/spec/models/playlist_spec.rb": [
        1,
        null,
        1,
        1,
        2,
        2,
        null,
        null
      ],
      "/Users/mikemckee/turing/2module/final_assessment/jukebox_1806_final/app/models/playlist.rb": [
        1,
        1,
        1,
        null
      ],
      "/Users/mikemckee/turing/2module/final_assessment/jukebox_1806_final/spec/models/song_genres_spec.rb": [
        1,
        null,
        1,
        1,
        2,
        2,
        null,
        null
      ],
      "/Users/mikemckee/turing/2module/final_assessment/jukebox_1806_final/app/models/song_genre.rb": [
        1,
        1,
        1,
        null
      ],
      "/Users/mikemckee/turing/2module/final_assessment/jukebox_1806_final/spec/models/song_spec.rb": [
        1,
        null,
        1,
        1,
        2,
        2,
        2,
        2,
        2,
        null,
        1,
        1,
        1,
        null,
        null,
        null,
        null,
        null,
        null
      ],
      "/Users/mikemckee/turing/2module/final_assessment/jukebox_1806_final/app/models/song.rb": [
        1,
        1,
        1,
        1,
        1,
        1,
        null,
        1,
        null,
        null,
        null,
        null,
        1,
        null,
        1,
        1,
        28,
        null,
        null
      ],
      "/Users/mikemckee/turing/2module/final_assessment/jukebox_1806_final/spec/models/user_spec.rb": [
        1,
        null,
        1,
        1,
        2,
        2,
        2,
        null,
        null,
        1,
        1,
        1,
        null,
        1,
        1,
        null,
        1,
        1,
        null,
        1,
        1,
        null,
        null,
        null
      ],
      "/Users/mikemckee/turing/2module/final_assessment/jukebox_1806_final/app/models/user.rb": [
        1,
        1,
        1,
        null,
        1,
        null,
        1,
        null
      ],
      "/Users/mikemckee/turing/2module/final_assessment/jukebox_1806_final/app/controllers/application_controller.rb": [
        1,
        1,
        null,
        1,
        null,
        1,
        null,
        1,
        47,
        null,
        null,
        1,
        10,
        null,
        null,
        1,
        59,
        null,
        null
      ],
      "/Users/mikemckee/turing/2module/final_assessment/jukebox_1806_final/app/controllers/admin/categories_controller.rb": [
        1,
        1,
        null,
        null,
        null
      ],
      "/Users/mikemckee/turing/2module/final_assessment/jukebox_1806_final/app/controllers/admin/base_controller.rb": [
        1,
        1,
        null,
        1,
        null,
        1,
        3,
        null,
        null
      ],
      "/Users/mikemckee/turing/2module/final_assessment/jukebox_1806_final/app/controllers/songs_controller.rb": [
        1,
        1,
        13,
        null,
        null,
        1,
        1,
        1,
        null,
        null,
        1,
        1,
        1,
        1,
        null,
        null,
        1,
        4,
        4,
        null,
        null,
        1,
        null,
        1,
        1,
        null,
        null
      ],
      "/Users/mikemckee/turing/2module/final_assessment/jukebox_1806_final/app/controllers/genres_controller.rb": [
        1,
        1,
        7,
        7,
        null,
        null,
        1,
        4,
        4,
        null,
        null
      ],
      "/Users/mikemckee/turing/2module/final_assessment/jukebox_1806_final/app/controllers/users_controller.rb": [
        1,
        1,
        2,
        null,
        null,
        1,
        2,
        2,
        1,
        1,
        null,
        1,
        null,
        null,
        null,
        1,
        3,
        null,
        null,
        1,
        1,
        2,
        null,
        null
      ],
      "/Users/mikemckee/turing/2module/final_assessment/jukebox_1806_final/app/controllers/sessions_controller.rb": [
        1,
        1,
        null,
        null,
        1,
        3,
        3,
        2,
        2,
        null,
        1,
        null,
        null,
        null,
        1,
        1,
        1,
        null,
        null
      ],
      "/Users/mikemckee/turing/2module/final_assessment/jukebox_1806_final/app/controllers/admin/genres_controller.rb": [
        1,
        1,
        1,
        1,
        null,
        1,
        null,
        null,
        1,
        null,
        1,
        1,
        null,
        null
      ],
      "/Users/mikemckee/turing/2module/final_assessment/jukebox_1806_final/app/models/playlist_song.rb": [
        1,
        1,
        1,
        null
      ],
      "/Users/mikemckee/turing/2module/final_assessment/jukebox_1806_final/app/controllers/carts_controller.rb": [
        1,
        1,
        null,
        1,
        4,
        4,
        4,
        4,
        null,
        4,
        4,
        null,
        null,
        null
      ],
      "/Users/mikemckee/turing/2module/final_assessment/jukebox_1806_final/app/controllers/artists_controller.rb": [
        1,
        null,
        1,
        2,
        null,
        null,
        1,
        2,
        2,
        1,
        null,
        1,
        null,
        null,
        null,
        1,
        1,
        null,
        null,
        1,
        1,
        2,
        null,
        null
      ],
      "/Users/mikemckee/turing/2module/final_assessment/jukebox_1806_final/app/controllers/playlists_controller.rb": [
        1,
        1,
        1,
        null,
        null,
        1,
        1,
        1,
        null,
        null,
        1,
        1,
        null,
        null,
        1,
        null,
        1,
        1,
        null,
        null
      ]
    },
    "timestamp": 1537304786
  }
}
