{
  "RSpec": {
    "coverage": {
      "/Users/autumnmartin/turing/2module/final/final_jukebox/app/models/award.rb": [
        1,
        1,
        1,
        1,
        1,
        null
      ],
      "/Users/autumnmartin/turing/2module/final/final_jukebox/app/models/application_record.rb": [
        1,
        1,
        null
      ],
      "/Users/autumnmartin/turing/2module/final/final_jukebox/app/models/user.rb": [
        1,
        1,
        1,
        null,
        1,
        null,
        1,
        null
      ],
      "/Users/autumnmartin/turing/2module/final/final_jukebox/app/controllers/application_controller.rb": [
        1,
        1,
        null,
        1,
        null,
        1,
        null,
        1,
        0,
        null,
        null,
        1,
        1,
        null,
        null,
        1,
        1,
        null,
        null
      ],
      "/Users/autumnmartin/turing/2module/final/final_jukebox/app/controllers/awards_controller.rb": [
        1,
        1,
        1,
        1,
        null,
        null
      ],
      "/Users/autumnmartin/turing/2module/final/final_jukebox/app/models/cart.rb": [
        1,
        null,
        1,
        null,
        1,
        1,
        null,
        null,
        1,
        1,
        null,
        null,
        1,
        0,
        null,
        null,
        null
      ]
    },
    "timestamp": 1537373166
  }
}
